  [1m[35m (0.1ms)[0m  [1m[34mSELECT sqlite_version(*)[0m
  ↳ bin/rails:9
  [1m[35m (17.9ms)[0m  [1m[35mCREATE TABLE "schema_migrations" ("version" varchar NOT NULL PRIMARY KEY)[0m
  ↳ bin/rails:9
  [1m[35m (10.7ms)[0m  [1m[35mCREATE TABLE "ar_internal_metadata" ("key" varchar NOT NULL PRIMARY KEY, "value" varchar, "created_at" datetime NOT NULL, "updated_at" datetime NOT NULL)[0m
  ↳ bin/rails:9
  [1m[35m (0.2ms)[0m  [1m[34mSELECT "schema_migrations"."version" FROM "schema_migrations" ORDER BY "schema_migrations"."version" ASC[0m
  ↳ bin/rails:9
Migrating to DeviseCreateUsers (20200806185710)
  [1m[35m (0.1ms)[0m  [1m[36mbegin transaction[0m
  ↳ bin/rails:9
  [1m[35m (0.4ms)[0m  [1m[35mCREATE TABLE "users" ("id" integer PRIMARY KEY AUTOINCREMENT NOT NULL, "email" varchar DEFAULT '' NOT NULL, "encrypted_password" varchar DEFAULT '' NOT NULL, "reset_password_token" varchar, "reset_password_sent_at" datetime, "remember_created_at" datetime, "created_at" datetime NOT NULL, "updated_at" datetime NOT NULL)[0m
  ↳ db/migrate/20200806185710_devise_create_users.rb:5
  [1m[35m (0.1ms)[0m  [1m[35mCREATE UNIQUE INDEX "index_users_on_email" ON "users" ("email")[0m
  ↳ db/migrate/20200806185710_devise_create_users.rb:39
  [1m[35m (0.3ms)[0m  [1m[35mCREATE UNIQUE INDEX "index_users_on_reset_password_token" ON "users" ("reset_password_token")[0m
  ↳ db/migrate/20200806185710_devise_create_users.rb:40
  [1m[36mActiveRecord::SchemaMigration Create (0.3ms)[0m  [1m[32mINSERT INTO "schema_migrations" ("version") VALUES (?)[0m  [["version", "20200806185710"]]
  ↳ bin/rails:9
  [1m[35m (10.2ms)[0m  [1m[36mcommit transaction[0m
  ↳ bin/rails:9
  [1m[36mActiveRecord::InternalMetadata Load (0.6ms)[0m  [1m[34mSELECT  "ar_internal_metadata".* FROM "ar_internal_metadata" WHERE "ar_internal_metadata"."key" = ? LIMIT ?[0m  [["key", "environment"], ["LIMIT", 1]]
  ↳ bin/rails:9
  [1m[35m (0.1ms)[0m  [1m[36mbegin transaction[0m
  ↳ bin/rails:9
  [1m[36mActiveRecord::InternalMetadata Create (0.4ms)[0m  [1m[32mINSERT INTO "ar_internal_metadata" ("key", "value", "created_at", "updated_at") VALUES (?, ?, ?, ?)[0m  [["key", "environment"], ["value", "development"], ["created_at", "2020-08-06 18:58:26.279143"], ["updated_at", "2020-08-06 18:58:26.279143"]]
  ↳ bin/rails:9
  [1m[35m (7.6ms)[0m  [1m[36mcommit transaction[0m
  ↳ bin/rails:9
  [1m[35m (0.3ms)[0m  [1m[34mSELECT "schema_migrations"."version" FROM "schema_migrations" ORDER BY "schema_migrations"."version" ASC[0m
  ↳ bin/rails:9
Started GET "/" for 127.0.0.1 at 2020-08-06 21:59:45 +0300
  [1m[35m (0.4ms)[0m  [1m[34mSELECT "schema_migrations"."version" FROM "schema_migrations" ORDER BY "schema_migrations"."version" ASC[0m
  ↳ /home/nakitto/.rbenv/versions/2.6.5/lib/ruby/gems/2.6.0/gems/activerecord-5.2.4.3/lib/active_record/log_subscriber.rb:98
Processing by Rails::WelcomeController#index as HTML
  Rendering /home/nakitto/.rbenv/versions/2.6.5/lib/ruby/gems/2.6.0/gems/railties-5.2.4.3/lib/rails/templates/rails/welcome/index.html.erb
  Rendered /home/nakitto/.rbenv/versions/2.6.5/lib/ruby/gems/2.6.0/gems/railties-5.2.4.3/lib/rails/templates/rails/welcome/index.html.erb (4.7ms)
Completed 200 OK in 23ms (Views: 12.6ms | ActiveRecord: 0.0ms)


Started GET "/users/sign_in" for 127.0.0.1 at 2020-08-06 22:00:00 +0300
Processing by Devise::SessionsController#new as HTML
  Rendering /home/nakitto/.rbenv/versions/2.6.5/lib/ruby/gems/2.6.0/gems/devise-4.7.2/app/views/devise/sessions/new.html.erb within layouts/application
  Rendered /home/nakitto/.rbenv/versions/2.6.5/lib/ruby/gems/2.6.0/gems/devise-4.7.2/app/views/devise/shared/_links.html.erb (1.1ms)
  Rendered /home/nakitto/.rbenv/versions/2.6.5/lib/ruby/gems/2.6.0/gems/devise-4.7.2/app/views/devise/sessions/new.html.erb within layouts/application (69.2ms)
DEPRECATION WARNING: autoprefixer-rails was deprected. Migration guide:
https://github.com/ai/autoprefixer-rails/wiki/Deprecated (called from _app_views_layouts_application_html_erb__4205029351557031483_70314286424880 at /home/nakitto/odin_on_rails/rails-capstone-project/app/views/layouts/application.html.erb:8)
Completed 200 OK in 4057ms (Views: 4042.8ms | ActiveRecord: 0.7ms)


Started GET "/users/sign_up" for 127.0.0.1 at 2020-08-06 22:00:12 +0300
Processing by Devise::RegistrationsController#new as HTML
  Rendering /home/nakitto/.rbenv/versions/2.6.5/lib/ruby/gems/2.6.0/gems/devise-4.7.2/app/views/devise/registrations/new.html.erb within layouts/application
  Rendered /home/nakitto/.rbenv/versions/2.6.5/lib/ruby/gems/2.6.0/gems/devise-4.7.2/app/views/devise/shared/_error_messages.html.erb (1.2ms)
  Rendered /home/nakitto/.rbenv/versions/2.6.5/lib/ruby/gems/2.6.0/gems/devise-4.7.2/app/views/devise/shared/_links.html.erb (2.0ms)
  Rendered /home/nakitto/.rbenv/versions/2.6.5/lib/ruby/gems/2.6.0/gems/devise-4.7.2/app/views/devise/registrations/new.html.erb within layouts/application (12.1ms)
Completed 200 OK in 64ms (Views: 62.3ms | ActiveRecord: 0.0ms)


Started GET "/users/sign_in" for 127.0.0.1 at 2020-08-06 22:00:26 +0300
Processing by Devise::SessionsController#new as HTML
  Rendering /home/nakitto/.rbenv/versions/2.6.5/lib/ruby/gems/2.6.0/gems/devise-4.7.2/app/views/devise/sessions/new.html.erb within layouts/application
  Rendered /home/nakitto/.rbenv/versions/2.6.5/lib/ruby/gems/2.6.0/gems/devise-4.7.2/app/views/devise/shared/_links.html.erb (3.6ms)
  Rendered /home/nakitto/.rbenv/versions/2.6.5/lib/ruby/gems/2.6.0/gems/devise-4.7.2/app/views/devise/sessions/new.html.erb within layouts/application (9.3ms)
Completed 200 OK in 29ms (Views: 27.6ms | ActiveRecord: 0.0ms)


Started GET "/users/password/new" for 127.0.0.1 at 2020-08-06 22:01:23 +0300
Processing by Devise::PasswordsController#new as HTML
  Rendering /home/nakitto/.rbenv/versions/2.6.5/lib/ruby/gems/2.6.0/gems/devise-4.7.2/app/views/devise/passwords/new.html.erb within layouts/application
  Rendered /home/nakitto/.rbenv/versions/2.6.5/lib/ruby/gems/2.6.0/gems/devise-4.7.2/app/views/devise/shared/_error_messages.html.erb (3.0ms)
  Rendered /home/nakitto/.rbenv/versions/2.6.5/lib/ruby/gems/2.6.0/gems/devise-4.7.2/app/views/devise/shared/_links.html.erb (1.0ms)
  Rendered /home/nakitto/.rbenv/versions/2.6.5/lib/ruby/gems/2.6.0/gems/devise-4.7.2/app/views/devise/passwords/new.html.erb within layouts/application (11.9ms)
Completed 200 OK in 38ms (Views: 34.6ms | ActiveRecord: 0.0ms)


Started GET "/users/sign_in" for 127.0.0.1 at 2020-08-06 22:02:27 +0300
Processing by Devise::SessionsController#new as HTML
  Rendering /home/nakitto/.rbenv/versions/2.6.5/lib/ruby/gems/2.6.0/gems/devise-4.7.2/app/views/devise/sessions/new.html.erb within layouts/application
  Rendered /home/nakitto/.rbenv/versions/2.6.5/lib/ruby/gems/2.6.0/gems/devise-4.7.2/app/views/devise/shared/_links.html.erb (3.0ms)
  Rendered /home/nakitto/.rbenv/versions/2.6.5/lib/ruby/gems/2.6.0/gems/devise-4.7.2/app/views/devise/sessions/new.html.erb within layouts/application (7.0ms)
Completed 200 OK in 33ms (Views: 31.7ms | ActiveRecord: 0.0ms)


Started GET "/users/sign_up" for 127.0.0.1 at 2020-08-06 22:02:33 +0300
Processing by Devise::RegistrationsController#new as HTML
  Rendering /home/nakitto/.rbenv/versions/2.6.5/lib/ruby/gems/2.6.0/gems/devise-4.7.2/app/views/devise/registrations/new.html.erb within layouts/application
  Rendered /home/nakitto/.rbenv/versions/2.6.5/lib/ruby/gems/2.6.0/gems/devise-4.7.2/app/views/devise/shared/_error_messages.html.erb (0.5ms)
  Rendered /home/nakitto/.rbenv/versions/2.6.5/lib/ruby/gems/2.6.0/gems/devise-4.7.2/app/views/devise/shared/_links.html.erb (1.1ms)
  Rendered /home/nakitto/.rbenv/versions/2.6.5/lib/ruby/gems/2.6.0/gems/devise-4.7.2/app/views/devise/registrations/new.html.erb within layouts/application (5.8ms)
Completed 200 OK in 26ms (Views: 23.9ms | ActiveRecord: 0.0ms)


